INFO    : Since no target was supplied, we will use "web".

INFO    : Building target web
INFO    : XSL conversion of /workspaces/MATH180002SPRING2026_BEN/source/main.ptx by /home/codespace/.ptx/2.38.1/core/xsl/utilities/pretext-enhanced-source.xsl
INFO    : successful application of /home/codespace/.ptx/2.38.1/core/xsl/utilities/pretext-enhanced-source.xsl
INFO    : PreTeXt source passed schema validation.
INFO    : Generating any needed assets.
INFO    : Finished generating assets.

INFO    : Preparing to build into /workspaces/MATH180002SPRING2026_BEN/output/web.
INFO    : discovering source file's directory name: /workspaces/MATH180002SPRING2026_BEN/source
INFO    : verifying and expanding input directory: /workspaces/MATH180002SPRING2026_BEN/source/../generated-assets
INFO    : input directory expanded to absolute path: /workspaces/MATH180002SPRING2026_BEN/generated-assets
INFO    : verifying and expanding input directory: /workspaces/MATH180002SPRING2026_BEN/source/../assets
INFO    : input directory expanded to absolute path: /workspaces/MATH180002SPRING2026_BEN/assets
INFO    : discovering source file's directory name: /workspaces/MATH180002SPRING2026_BEN/source
INFO    : XSL conversion of /workspaces/MATH180002SPRING2026_BEN/source/main.ptx by /home/codespace/.ptx/2.38.1/core/xsl/utilities/report-publisher-variables.xsl
INFO    : successful application of /home/codespace/.ptx/2.38.1/core/xsl/utilities/report-publisher-variables.xsl
INFO    : Downloading rs services file from https://runestone.academy/cdn/runestone/latest/webpack_static_imports.xml.
INFO    : Runestone Services via online CDN query: version 7.13.2
INFO    : Downloading Runestone Services, version 7.13.2
INFO    : Extracting Runestone Services from archive file
WARNING : Color #FCB614 does not have enough contrast with expected background color #fff. Contrast ratio is 1.773523504116469 but should be at least 4.5. Adjust your publisher file html/css/variables to ensure sufficient contrast.
INFO    : Building custom css theme: theme-default-modern
INFO    : converting /workspaces/MATH180002SPRING2026_BEN/source/main.ptx to HTML in /tmp/ptx-6ind734g
INFO    : XSL conversion of /workspaces/MATH180002SPRING2026_BEN/source/main.ptx by /home/codespace/.ptx/2.38.1/core/xsl/pretext-html.xsl
INFO    : messages from the log for XSL processing:
INFO    : * PTX:INFO:   checking all deprecated elements.
INFO    : successful application of /home/codespace/.ptx/2.38.1/core/xsl/pretext-html.xsl
INFO    : Removing temporary directory /tmp/ptx-6ind734g
INFO    : Removing temporary directory /tmp/ptx-b723za40
INFO    : 
Finished build for target web. Run `pretext view web` to see the results.

INFO    : 
Success!  Built requested target(s) without errors.

INFO    : 
