INFO    : Staging deployment according to strategy pelican_default
INFO    : Staging `web` at `/workspaces/MATH180002SPRING2026_BEN/output/stage/course`.
WARNING : No build for `slides` was found in the directory `/workspaces/MATH180002SPRING2026_BEN/output/slides`.Try running `pretext build slides` to build this component first.
INFO    : Skipping this target for now.
WARNING : No build for `slides-annotated` was found in the directory `/workspaces/MATH180002SPRING2026_BEN/output/slides-annotated`.Try running `pretext build slides-annotated` to build this component first.
INFO    : Skipping this target for now.
ERROR   : Pelican is not installed. Please install Pelican to use this feature.
INFO    : Preparing to deploy from active `main` git branch.

INFO    : Changes to project source since last commit detected.
INFO    : Committing these changes to local Git repository.

INFO    : Committing your latest build to the `gh-pages` branch.
INFO    : 
INFO    : Attempting to connect to remote repository at `https://github.com/batchison/MATH180002SPRING2026_BEN`...
INFO    : 
INFO    : 
INFO    : Latest build successfully pushed to GitHub!

INFO    : 
INFO    : To enable GitHub Pages, visit
INFO    :     https://github.com/batchison/MATH180002SPRING2026_BEN/settings/pages
INFO    : selecting the `gh-pages` branch with the `/ (root)` folder.

INFO    : Visit
INFO    :     https://github.com/batchison/MATH180002SPRING2026_BEN/actions/
INFO    : to check on the status of your GitHub Pages deployment.

INFO    : Your built project will soon be available to the public at:
INFO    :     https://batchison.github.io/MATH180002SPRING2026_BEN/
INFO    : 
----------------------------------------------------
INFO    : While running pretext, the following errors occurred:

INFO    : (see log messages above or in the 'logs' folder for more information)
INFO    : ----------------------------------------------------
