WARNING : Using CLI version 2.38.2 but project's `requirements.txt`
WARNING : is configured to use 2.38.1. Consider either installing
WARNING : CLI version 2.38.1 or running `pretext update`
WARNING : to update `requirements.txt` and other managed files to match 2.38.2.
INFO    : Since no target was supplied, we will use "web".

INFO    : Building target web
INFO    : XSL conversion of C:\Users\batchison\PreTeXt\MATH180002SPRING2026_BEN\source\main.ptx by C:\Users\batchison\.ptx\2.38.2\core\xsl\utilities\pretext-enhanced-source.xsl
INFO    : successful application of C:\Users\batchison\.ptx\2.38.2\core\xsl\utilities\pretext-enhanced-source.xsl
INFO    : PreTeXt source passed schema validation.
INFO    : Generating any needed assets.
INFO    : Finished generating assets.

INFO    : Preparing to build into C:\Users\batchison\PreTeXt\MATH180002SPRING2026_BEN\output\web.
INFO    : discovering source file's directory name: C:\Users\batchison\PreTeXt\MATH180002SPRING2026_BEN\source
INFO    : verifying and expanding input directory: C:\Users\batchison\PreTeXt\MATH180002SPRING2026_BEN\source\../generated-assets
INFO    : input directory expanded to absolute path: C:\Users\batchison\PreTeXt\MATH180002SPRING2026_BEN\generated-assets
INFO    : verifying and expanding input directory: C:\Users\batchison\PreTeXt\MATH180002SPRING2026_BEN\source\../assets
INFO    : input directory expanded to absolute path: C:\Users\batchison\PreTeXt\MATH180002SPRING2026_BEN\assets
INFO    : XSL conversion of C:\Users\batchison\PreTeXt\MATH180002SPRING2026_BEN\source\main.ptx by C:\Users\batchison\.ptx\2.38.2\core\xsl\utilities\report-publisher-variables.xsl
INFO    : successful application of C:\Users\batchison\.ptx\2.38.2\core\xsl\utilities\report-publisher-variables.xsl
INFO    : Downloading rs services file from https://runestone.academy/cdn/runestone/latest/webpack_static_imports.xml.
INFO    : Runestone Services via online CDN query: version 7.13.2
INFO    : Downloading Runestone Services, version 7.13.2
INFO    : Extracting Runestone Services from archive file
WARNING : Color #FCB614 does not have enough contrast with expected background color #fff. Contrast ratio is 1.773523504116469 but should be at least 4.5. Adjust your publisher file html/css/variables to ensure sufficient contrast.
INFO    : Building custom css theme: theme-default-modern
INFO    : converting C:\Users\batchison\PreTeXt\MATH180002SPRING2026_BEN\source\main.ptx to HTML in C:\Users\BATCHI~1\AppData\Local\Temp\ptx-rxh0eif2
INFO    : XSL conversion of C:\Users\batchison\PreTeXt\MATH180002SPRING2026_BEN\source\main.ptx by C:\Users\batchison\.ptx\2.38.2\core\xsl\pretext-html.xsl
INFO    : messages from the log for XSL processing:
INFO    : * PTX:INFO:   checking all deprecated elements.
INFO    : successful application of C:\Users\batchison\.ptx\2.38.2\core\xsl\pretext-html.xsl
INFO    : Removing temporary directory C:\Users\BATCHI~1\AppData\Local\Temp\ptx-rxh0eif2
INFO    : Removing temporary directory C:\Users\BATCHI~1\AppData\Local\Temp\ptx-78ov2_6v
INFO    : 
Finished build for target web. Run `pretext view web` to see the results.

INFO    : 
Success!  Built requested target(s) without errors.

INFO    : 
